1605436927334	geckodriver	INFO	Listening on 127.0.0.1:34697
1605436927361	mozrunner::runner	INFO	Running command: "/usr/bin/firefox" "--marionette" "--log-level=3" "-foreground" "-no-remote" "-profile" "/tmp/rust_mozprofileoie99g"
console.warn: SearchSettings: "get: No settings file exists, new profile?" (new Error("", "(unknown module)"))
1605436930380	Marionette	INFO	Listening on port 41773
1605436930515	Marionette	WARN	TLS certificate errors will be ignored for this session
1605436937885	Marionette	INFO	Stopped listening on port 41773
1605437693785	geckodriver	INFO	Listening on 127.0.0.1:47495
1605437693790	mozrunner::runner	INFO	Running command: "/usr/bin/firefox" "--marionette" "--log-level=3" "-foreground" "-no-remote" "-profile" "/tmp/rust_mozprofilem9wQh1"
console.warn: SearchSettings: "get: No settings file exists, new profile?" (new Error("", "(unknown module)"))
1605437696465	Marionette	INFO	Listening on port 38521
1605437696531	Marionette	WARN	TLS certificate errors will be ignored for this session
1605437751537	geckodriver	INFO	Listening on 127.0.0.1:42305
1605437751544	mozrunner::runner	INFO	Running command: "/usr/bin/firefox" "--marionette" "--log-level=3" "-foreground" "-no-remote" "-profile" "/tmp/rust_mozprofilet5j062"
1605437780486	geckodriver	INFO	Listening on 127.0.0.1:49513
1605437780493	mozrunner::runner	INFO	Running command: "/usr/bin/firefox" "--marionette" "--log-level=3" "-foreground" "-no-remote" "-profile" "/tmp/rust_mozprofile7TM5c9"
console.warn: SearchSettings: "get: No settings file exists, new profile?" (new Error("", "(unknown module)"))
1605437783118	Marionette	INFO	Listening on port 44379
1605437783232	Marionette	WARN	TLS certificate errors will be ignored for this session
console.warn: LoginRecipes: "getRecipes: falling back to a synchronous message for:" "https://twitter.com"
1605437920924	geckodriver	INFO	Listening on 127.0.0.1:57335
1605437920933	mozrunner::runner	INFO	Running command: "/usr/bin/firefox" "--marionette" "--log-level=3" "-foreground" "-no-remote" "-profile" "/tmp/rust_mozprofileWgvihC"
console.warn: SearchSettings: "get: No settings file exists, new profile?" (new Error("", "(unknown module)"))
1605437923709	Marionette	INFO	Listening on port 40261
1605437923764	Marionette	WARN	TLS certificate errors will be ignored for this session
1605438279373	geckodriver	INFO	Listening on 127.0.0.1:40747
1605438279379	mozrunner::runner	INFO	Running command: "/usr/bin/firefox" "--marionette" "--log-level=3" "-foreground" "-no-remote" "-profile" "/tmp/rust_mozprofile9jHQtj"
console.warn: SearchSettings: "get: No settings file exists, new profile?" (new Error("", "(unknown module)"))
1605438282190	Marionette	INFO	Listening on port 44917
1605438282312	Marionette	WARN	TLS certificate errors will be ignored for this session
1605438315952	geckodriver	INFO	Listening on 127.0.0.1:56665
1605438315957	mozrunner::runner	INFO	Running command: "/usr/bin/firefox" "--marionette" "--log-level=3" "-foreground" "-no-remote" "-profile" "/tmp/rust_mozprofilekS9IoP"
console.warn: SearchSettings: "get: No settings file exists, new profile?" (new Error("", "(unknown module)"))
1605438318719	Marionette	INFO	Listening on port 46225
1605438318795	Marionette	WARN	TLS certificate errors will be ignored for this session
1605438345764	geckodriver	INFO	Listening on 127.0.0.1:40633
1605438345777	mozrunner::runner	INFO	Running command: "/usr/bin/firefox" "--marionette" "--log-level=3" "-foreground" "-no-remote" "-profile" "/tmp/rust_mozprofilePHjzpl"
console.warn: SearchSettings: "get: No settings file exists, new profile?" (new Error("", "(unknown module)"))
1605438348862	Marionette	INFO	Listening on port 38361
1605438348912	Marionette	WARN	TLS certificate errors will be ignored for this session
console.warn: LoginRecipes: "getRecipes: falling back to a synchronous message for:" "https://twitter.com"
1605438380427	Marionette	INFO	Stopped listening on port 38361
1605438511297	geckodriver	INFO	Listening on 127.0.0.1:34305
1605438511314	mozrunner::runner	INFO	Running command: "/usr/bin/firefox" "--marionette" "--log-level=3" "-foreground" "-no-remote" "-profile" "/tmp/rust_mozprofileEzTxNl"
console.warn: SearchSettings: "get: No settings file exists, new profile?" (new Error("", "(unknown module)"))
1605438514145	Marionette	INFO	Listening on port 46769
1605438514258	Marionette	WARN	TLS certificate errors will be ignored for this session
1605438582913	geckodriver	INFO	Listening on 127.0.0.1:40559
1605438582924	mozrunner::runner	INFO	Running command: "/usr/bin/firefox" "--marionette" "--log-level=3" "-foreground" "-no-remote" "-profile" "/tmp/rust_mozprofileBXJcGG"
console.warn: SearchSettings: "get: No settings file exists, new profile?" (new Error("", "(unknown module)"))
1605438585662	Marionette	INFO	Listening on port 42919
1605438585768	Marionette	WARN	TLS certificate errors will be ignored for this session
1605438681025	geckodriver	INFO	Listening on 127.0.0.1:43325
1605438681031	mozrunner::runner	INFO	Running command: "/usr/bin/firefox" "--marionette" "--log-level=3" "-foreground" "-no-remote" "-profile" "/tmp/rust_mozprofile4Sth8C"
console.warn: SearchSettings: "get: No settings file exists, new profile?" (new Error("", "(unknown module)"))
1605438683613	Marionette	INFO	Listening on port 35577
1605438683674	Marionette	WARN	TLS certificate errors will be ignored for this session
JavaScript error: resource://gre/actors/AutoCompleteChild.jsm, line 235: Error: Invalid autocomplete selectedIndex
JavaScript error: resource://gre/actors/AutoCompleteChild.jsm, line 235: Error: Invalid autocomplete selectedIndex
JavaScript error: resource://gre/modules/LoginManagerChild.jsm, line 190: NS_ERROR_XPC_JAVASCRIPT_ERROR_WITH_DETAILS: [JavaScript Error: "Invalid autocomplete selectedIndex" {file: "resource://gre/actors/AutoCompleteChild.jsm" line: 235}]'[JavaScript Error: "Invalid autocomplete selectedIndex" {file: "resource://gre/actors/AutoCompleteChild.jsm" line: 235}]' when calling method: [nsIAutoCompletePopup::selectedIndex]
console.warn: LoginRecipes: "getRecipes: falling back to a synchronous message for:" "https://twitter.com"
1605438812497	geckodriver	INFO	Listening on 127.0.0.1:60603
1605438812503	mozrunner::runner	INFO	Running command: "/usr/bin/firefox" "--marionette" "--log-level=3" "-foreground" "-no-remote" "-profile" "/tmp/rust_mozprofileKxOH2S"
console.warn: SearchSettings: "get: No settings file exists, new profile?" (new Error("", "(unknown module)"))
1605438815276	Marionette	INFO	Listening on port 40051
1605438815334	Marionette	WARN	TLS certificate errors will be ignored for this session
JavaScript error: resource://gre/actors/AutoCompleteChild.jsm, line 235: Error: Invalid autocomplete selectedIndex
JavaScript error: resource://gre/actors/AutoCompleteChild.jsm, line 235: Error: Invalid autocomplete selectedIndex
JavaScript error: resource://gre/modules/LoginManagerChild.jsm, line 190: NS_ERROR_XPC_JAVASCRIPT_ERROR_WITH_DETAILS: [JavaScript Error: "Invalid autocomplete selectedIndex" {file: "resource://gre/actors/AutoCompleteChild.jsm" line: 235}]'[JavaScript Error: "Invalid autocomplete selectedIndex" {file: "resource://gre/actors/AutoCompleteChild.jsm" line: 235}]' when calling method: [nsIAutoCompletePopup::selectedIndex]
console.warn: LoginRecipes: "getRecipes: falling back to a synchronous message for:" "https://twitter.com"
1605439225877	geckodriver	INFO	Listening on 127.0.0.1:45899
1605439225882	mozrunner::runner	INFO	Running command: "/usr/bin/firefox" "--marionette" "--log-level=3" "-foreground" "-no-remote" "-profile" "/tmp/rust_mozprofile4M90zV"
console.warn: SearchSettings: "get: No settings file exists, new profile?" (new Error("", "(unknown module)"))
1605439228660	Marionette	INFO	Listening on port 36537
1605439228728	Marionette	WARN	TLS certificate errors will be ignored for this session
1605439232639	Marionette	INFO	Stopped listening on port 36537
1605439280174	geckodriver	INFO	Listening on 127.0.0.1:42369
1605439280180	mozrunner::runner	INFO	Running command: "/usr/bin/firefox" "--marionette" "--log-level=3" "-foreground" "-no-remote" "-profile" "/tmp/rust_mozprofile1Ae6s1"
console.warn: SearchSettings: "get: No settings file exists, new profile?" (new Error("", "(unknown module)"))
1605439283039	Marionette	INFO	Listening on port 40345
1605439283142	Marionette	WARN	TLS certificate errors will be ignored for this session
JavaScript error: resource://gre/actors/AutoCompleteChild.jsm, line 235: Error: Invalid autocomplete selectedIndex
JavaScript error: resource://gre/actors/AutoCompleteChild.jsm, line 235: Error: Invalid autocomplete selectedIndex
JavaScript error: resource://gre/modules/LoginManagerChild.jsm, line 190: NS_ERROR_XPC_JAVASCRIPT_ERROR_WITH_DETAILS: [JavaScript Error: "Invalid autocomplete selectedIndex" {file: "resource://gre/actors/AutoCompleteChild.jsm" line: 235}]'[JavaScript Error: "Invalid autocomplete selectedIndex" {file: "resource://gre/actors/AutoCompleteChild.jsm" line: 235}]' when calling method: [nsIAutoCompletePopup::selectedIndex]
1605439332649	geckodriver	INFO	Listening on 127.0.0.1:51805
1605439332654	mozrunner::runner	INFO	Running command: "/usr/bin/firefox" "--marionette" "--log-level=3" "-foreground" "-no-remote" "-profile" "/tmp/rust_mozprofileiLFTd8"
console.warn: SearchSettings: "get: No settings file exists, new profile?" (new Error("", "(unknown module)"))
1605439335484	Marionette	INFO	Listening on port 34247
1605439335591	Marionette	WARN	TLS certificate errors will be ignored for this session
JavaScript error: resource://gre/actors/AutoCompleteChild.jsm, line 235: Error: Invalid autocomplete selectedIndex
JavaScript error: resource://gre/actors/AutoCompleteChild.jsm, line 235: Error: Invalid autocomplete selectedIndex
JavaScript error: resource://gre/modules/LoginManagerChild.jsm, line 190: NS_ERROR_XPC_JAVASCRIPT_ERROR_WITH_DETAILS: [JavaScript Error: "Invalid autocomplete selectedIndex" {file: "resource://gre/actors/AutoCompleteChild.jsm" line: 235}]'[JavaScript Error: "Invalid autocomplete selectedIndex" {file: "resource://gre/actors/AutoCompleteChild.jsm" line: 235}]' when calling method: [nsIAutoCompletePopup::selectedIndex]
console.warn: LoginRecipes: "getRecipes: falling back to a synchronous message for:" "https://twitter.com"
console.warn: LoginRecipes: "getRecipes: falling back to a synchronous message for:" "https://twitter.com"
1605439633989	geckodriver	INFO	Listening on 127.0.0.1:57117
1605439633998	mozrunner::runner	INFO	Running command: "/usr/bin/firefox" "--marionette" "--log-level=3" "-foreground" "-no-remote" "-profile" "/tmp/rust_mozprofileuEsI55"
console.warn: SearchSettings: "get: No settings file exists, new profile?" (new Error("", "(unknown module)"))
1605439636938	Marionette	INFO	Listening on port 37229
1605439637061	Marionette	WARN	TLS certificate errors will be ignored for this session
JavaScript error: resource://gre/modules/URIFixup.jsm, line 271: NS_ERROR_FAILURE: Should pass a non-null uri
JavaScript error: resource://gre/actors/AutoCompleteChild.jsm, line 235: Error: Invalid autocomplete selectedIndex
JavaScript error: resource://gre/actors/AutoCompleteChild.jsm, line 235: Error: Invalid autocomplete selectedIndex
JavaScript error: resource://gre/modules/LoginManagerChild.jsm, line 190: NS_ERROR_XPC_JAVASCRIPT_ERROR_WITH_DETAILS: [JavaScript Error: "Invalid autocomplete selectedIndex" {file: "resource://gre/actors/AutoCompleteChild.jsm" line: 235}]'[JavaScript Error: "Invalid autocomplete selectedIndex" {file: "resource://gre/actors/AutoCompleteChild.jsm" line: 235}]' when calling method: [nsIAutoCompletePopup::selectedIndex]
1605439662787	geckodriver	INFO	Listening on 127.0.0.1:44351
1605439662793	mozrunner::runner	INFO	Running command: "/usr/bin/firefox" "--marionette" "--log-level=3" "-foreground" "-no-remote" "-profile" "/tmp/rust_mozprofileQGfASu"
console.warn: SearchSettings: "get: No settings file exists, new profile?" (new Error("", "(unknown module)"))
1605439665606	Marionette	INFO	Listening on port 33953
1605439665727	Marionette	WARN	TLS certificate errors will be ignored for this session
JavaScript error: resource://gre/actors/AutoCompleteChild.jsm, line 235: Error: Invalid autocomplete selectedIndex
JavaScript error: resource://gre/actors/AutoCompleteChild.jsm, line 235: Error: Invalid autocomplete selectedIndex
JavaScript error: resource://gre/modules/LoginManagerChild.jsm, line 190: NS_ERROR_XPC_JAVASCRIPT_ERROR_WITH_DETAILS: [JavaScript Error: "Invalid autocomplete selectedIndex" {file: "resource://gre/actors/AutoCompleteChild.jsm" line: 235}]'[JavaScript Error: "Invalid autocomplete selectedIndex" {file: "resource://gre/actors/AutoCompleteChild.jsm" line: 235}]' when calling method: [nsIAutoCompletePopup::selectedIndex]
1605439714250	geckodriver	INFO	Listening on 127.0.0.1:55181
1605439714262	mozrunner::runner	INFO	Running command: "/usr/bin/firefox" "--marionette" "--log-level=3" "-foreground" "-no-remote" "-profile" "/tmp/rust_mozprofilekFWZvN"
console.warn: SearchSettings: "get: No settings file exists, new profile?" (new Error("", "(unknown module)"))
1605439717043	Marionette	INFO	Listening on port 40581
1605439717099	Marionette	WARN	TLS certificate errors will be ignored for this session
JavaScript error: resource://gre/actors/AutoCompleteChild.jsm, line 235: Error: Invalid autocomplete selectedIndex
JavaScript error: resource://gre/actors/AutoCompleteChild.jsm, line 235: Error: Invalid autocomplete selectedIndex
JavaScript error: resource://gre/modules/LoginManagerChild.jsm, line 190: NS_ERROR_XPC_JAVASCRIPT_ERROR_WITH_DETAILS: [JavaScript Error: "Invalid autocomplete selectedIndex" {file: "resource://gre/actors/AutoCompleteChild.jsm" line: 235}]'[JavaScript Error: "Invalid autocomplete selectedIndex" {file: "resource://gre/actors/AutoCompleteChild.jsm" line: 235}]' when calling method: [nsIAutoCompletePopup::selectedIndex]
1605440740248	geckodriver	INFO	Listening on 127.0.0.1:56717
1605440740253	mozrunner::runner	INFO	Running command: "/usr/bin/firefox" "--marionette" "--log-level=3" "-foreground" "-no-remote" "-profile" "/tmp/rust_mozprofileC5RTwd"
console.warn: SearchSettings: "get: No settings file exists, new profile?" (new Error("", "(unknown module)"))
1605440742922	Marionette	INFO	Listening on port 38407
1605440742999	Marionette	WARN	TLS certificate errors will be ignored for this session
JavaScript error: resource://gre/modules/URIFixup.jsm, line 271: NS_ERROR_FAILURE: Should pass a non-null uri
JavaScript error: resource://gre/actors/AutoCompleteChild.jsm, line 235: Error: Invalid autocomplete selectedIndex
JavaScript error: resource://gre/actors/AutoCompleteChild.jsm, line 235: Error: Invalid autocomplete selectedIndex
JavaScript error: resource://gre/modules/LoginManagerChild.jsm, line 190: NS_ERROR_XPC_JAVASCRIPT_ERROR_WITH_DETAILS: [JavaScript Error: "Invalid autocomplete selectedIndex" {file: "resource://gre/actors/AutoCompleteChild.jsm" line: 235}]'[JavaScript Error: "Invalid autocomplete selectedIndex" {file: "resource://gre/actors/AutoCompleteChild.jsm" line: 235}]' when calling method: [nsIAutoCompletePopup::selectedIndex]
1605440848763	Marionette	INFO	Stopped listening on port 38407
1605440897907	geckodriver	INFO	Listening on 127.0.0.1:43959
1605440897913	mozrunner::runner	INFO	Running command: "/usr/bin/firefox" "--marionette" "--log-level=3" "-foreground" "-no-remote" "-profile" "/tmp/rust_mozprofileKipIIf"
console.warn: SearchSettings: "get: No settings file exists, new profile?" (new Error("", "(unknown module)"))
1605440900672	Marionette	INFO	Listening on port 41937
1605440900748	Marionette	WARN	TLS certificate errors will be ignored for this session
JavaScript error: resource://gre/modules/URIFixup.jsm, line 271: NS_ERROR_FAILURE: Should pass a non-null uri
JavaScript error: resource://gre/actors/AutoCompleteChild.jsm, line 235: Error: Invalid autocomplete selectedIndex
JavaScript error: resource://gre/actors/AutoCompleteChild.jsm, line 235: Error: Invalid autocomplete selectedIndex
JavaScript error: resource://gre/modules/LoginManagerChild.jsm, line 190: NS_ERROR_XPC_JAVASCRIPT_ERROR_WITH_DETAILS: [JavaScript Error: "Invalid autocomplete selectedIndex" {file: "resource://gre/actors/AutoCompleteChild.jsm" line: 235}]'[JavaScript Error: "Invalid autocomplete selectedIndex" {file: "resource://gre/actors/AutoCompleteChild.jsm" line: 235}]' when calling method: [nsIAutoCompletePopup::selectedIndex]
1605441062820	geckodriver	INFO	Listening on 127.0.0.1:57947
1605441062825	mozrunner::runner	INFO	Running command: "/usr/bin/firefox" "--marionette" "--log-level=3" "-foreground" "-no-remote" "-profile" "/tmp/rust_mozprofile2IxTLY"
console.warn: SearchSettings: "get: No settings file exists, new profile?" (new Error("", "(unknown module)"))
1605441065879	Marionette	INFO	Listening on port 34959
1605441065963	Marionette	WARN	TLS certificate errors will be ignored for this session
JavaScript error: resource://gre/modules/URIFixup.jsm, line 271: NS_ERROR_FAILURE: Should pass a non-null uri
JavaScript error: resource://gre/actors/AutoCompleteChild.jsm, line 235: Error: Invalid autocomplete selectedIndex
JavaScript error: resource://gre/actors/AutoCompleteChild.jsm, line 235: Error: Invalid autocomplete selectedIndex
JavaScript error: resource://gre/modules/LoginManagerChild.jsm, line 190: NS_ERROR_XPC_JAVASCRIPT_ERROR_WITH_DETAILS: [JavaScript Error: "Invalid autocomplete selectedIndex" {file: "resource://gre/actors/AutoCompleteChild.jsm" line: 235}]'[JavaScript Error: "Invalid autocomplete selectedIndex" {file: "resource://gre/actors/AutoCompleteChild.jsm" line: 235}]' when calling method: [nsIAutoCompletePopup::selectedIndex]
1605441510282	geckodriver	INFO	Listening on 127.0.0.1:42931
1605441510290	mozrunner::runner	INFO	Running command: "/usr/bin/firefox" "--marionette" "--log-level=3" "-foreground" "-no-remote" "-profile" "/tmp/rust_mozprofilezvxSmb"
console.warn: SearchSettings: "get: No settings file exists, new profile?" (new Error("", "(unknown module)"))
1605441513090	Marionette	INFO	Listening on port 36965
1605441513155	Marionette	WARN	TLS certificate errors will be ignored for this session
JavaScript error: resource://gre/actors/AutoCompleteChild.jsm, line 235: Error: Invalid autocomplete selectedIndex
JavaScript error: resource://gre/actors/AutoCompleteChild.jsm, line 235: Error: Invalid autocomplete selectedIndex
JavaScript error: resource://gre/modules/LoginManagerChild.jsm, line 190: NS_ERROR_XPC_JAVASCRIPT_ERROR_WITH_DETAILS: [JavaScript Error: "Invalid autocomplete selectedIndex" {file: "resource://gre/actors/AutoCompleteChild.jsm" line: 235}]'[JavaScript Error: "Invalid autocomplete selectedIndex" {file: "resource://gre/actors/AutoCompleteChild.jsm" line: 235}]' when calling method: [nsIAutoCompletePopup::selectedIndex]
1605441648132	geckodriver	INFO	Listening on 127.0.0.1:45729
1605441648138	mozrunner::runner	INFO	Running command: "/usr/bin/firefox" "--marionette" "--log-level=3" "-foreground" "-no-remote" "-profile" "/tmp/rust_mozprofileFuslU9"
console.warn: SearchSettings: "get: No settings file exists, new profile?" (new Error("", "(unknown module)"))
1605441651044	Marionette	INFO	Listening on port 42091
1605441651077	Marionette	WARN	TLS certificate errors will be ignored for this session
JavaScript error: resource://gre/modules/URIFixup.jsm, line 271: NS_ERROR_FAILURE: Should pass a non-null uri
JavaScript error: resource://gre/actors/AutoCompleteChild.jsm, line 235: Error: Invalid autocomplete selectedIndex
JavaScript error: resource://gre/actors/AutoCompleteChild.jsm, line 235: Error: Invalid autocomplete selectedIndex
JavaScript error: resource://gre/modules/LoginManagerChild.jsm, line 190: NS_ERROR_XPC_JAVASCRIPT_ERROR_WITH_DETAILS: [JavaScript Error: "Invalid autocomplete selectedIndex" {file: "resource://gre/actors/AutoCompleteChild.jsm" line: 235}]'[JavaScript Error: "Invalid autocomplete selectedIndex" {file: "resource://gre/actors/AutoCompleteChild.jsm" line: 235}]' when calling method: [nsIAutoCompletePopup::selectedIndex]
1605441730517	geckodriver	INFO	Listening on 127.0.0.1:56121
1605441730523	mozrunner::runner	INFO	Running command: "/usr/bin/firefox" "--marionette" "--log-level=3" "-foreground" "-no-remote" "-profile" "/tmp/rust_mozprofilevIZYc1"
console.warn: SearchSettings: "get: No settings file exists, new profile?" (new Error("", "(unknown module)"))
1605441733261	Marionette	INFO	Listening on port 37169
1605441733360	Marionette	WARN	TLS certificate errors will be ignored for this session
JavaScript error: resource://gre/modules/URIFixup.jsm, line 271: NS_ERROR_FAILURE: Should pass a non-null uri
1605441755833	Marionette	INFO	Stopped listening on port 37169
1605441877990	geckodriver	INFO	Listening on 127.0.0.1:57641
1605441878003	mozrunner::runner	INFO	Running command: "/usr/bin/firefox" "--marionette" "--log-level=3" "-foreground" "-no-remote" "-profile" "/tmp/rust_mozprofilewLPnv7"
console.warn: SearchSettings: "get: No settings file exists, new profile?" (new Error("", "(unknown module)"))
1605441881010	Marionette	INFO	Listening on port 43461
1605441881051	Marionette	WARN	TLS certificate errors will be ignored for this session
JavaScript error: resource://gre/modules/URIFixup.jsm, line 271: NS_ERROR_FAILURE: Should pass a non-null uri
1605441895706	geckodriver	INFO	Listening on 127.0.0.1:42205
1605441895711	mozrunner::runner	INFO	Running command: "/usr/bin/firefox" "--marionette" "--log-level=3" "-foreground" "-no-remote" "-profile" "/tmp/rust_mozprofile7trpUK"
console.warn: SearchSettings: "get: No settings file exists, new profile?" (new Error("", "(unknown module)"))
1605441898125	Marionette	INFO	Listening on port 40757
1605441898242	Marionette	WARN	TLS certificate errors will be ignored for this session
JavaScript error: resource://gre/actors/AutoCompleteChild.jsm, line 235: Error: Invalid autocomplete selectedIndex
JavaScript error: resource://gre/actors/AutoCompleteChild.jsm, line 235: Error: Invalid autocomplete selectedIndex
JavaScript error: resource://gre/modules/LoginManagerChild.jsm, line 190: NS_ERROR_XPC_JAVASCRIPT_ERROR_WITH_DETAILS: [JavaScript Error: "Invalid autocomplete selectedIndex" {file: "resource://gre/actors/AutoCompleteChild.jsm" line: 235}]'[JavaScript Error: "Invalid autocomplete selectedIndex" {file: "resource://gre/actors/AutoCompleteChild.jsm" line: 235}]' when calling method: [nsIAutoCompletePopup::selectedIndex]
1605441955517	geckodriver	INFO	Listening on 127.0.0.1:55417
1605441955523	mozrunner::runner	INFO	Running command: "/usr/bin/firefox" "--marionette" "--log-level=3" "-foreground" "-no-remote" "-profile" "/tmp/rust_mozprofilenwuejH"
console.warn: SearchSettings: "get: No settings file exists, new profile?" (new Error("", "(unknown module)"))
1605441958269	Marionette	INFO	Listening on port 40073
1605441958357	Marionette	WARN	TLS certificate errors will be ignored for this session
JavaScript error: resource://gre/modules/URIFixup.jsm, line 271: NS_ERROR_FAILURE: Should pass a non-null uri
JavaScript error: resource://gre/actors/AutoCompleteChild.jsm, line 235: Error: Invalid autocomplete selectedIndex
JavaScript error: resource://gre/actors/AutoCompleteChild.jsm, line 235: Error: Invalid autocomplete selectedIndex
JavaScript error: resource://gre/modules/LoginManagerChild.jsm, line 190: NS_ERROR_XPC_JAVASCRIPT_ERROR_WITH_DETAILS: [JavaScript Error: "Invalid autocomplete selectedIndex" {file: "resource://gre/actors/AutoCompleteChild.jsm" line: 235}]'[JavaScript Error: "Invalid autocomplete selectedIndex" {file: "resource://gre/actors/AutoCompleteChild.jsm" line: 235}]' when calling method: [nsIAutoCompletePopup::selectedIndex]
1605442213617	geckodriver	INFO	Listening on 127.0.0.1:33065
1605442213623	mozrunner::runner	INFO	Running command: "/usr/bin/firefox" "--marionette" "--log-level=3" "-foreground" "-no-remote" "-profile" "/tmp/rust_mozprofiley1m4L6"
console.warn: SearchSettings: "get: No settings file exists, new profile?" (new Error("", "(unknown module)"))
1605442216941	Marionette	INFO	Listening on port 41101
1605442216978	Marionette	WARN	TLS certificate errors will be ignored for this session
JavaScript error: resource://gre/actors/AutoCompleteChild.jsm, line 235: Error: Invalid autocomplete selectedIndex
JavaScript error: resource://gre/actors/AutoCompleteChild.jsm, line 235: Error: Invalid autocomplete selectedIndex
JavaScript error: resource://gre/modules/LoginManagerChild.jsm, line 190: NS_ERROR_XPC_JAVASCRIPT_ERROR_WITH_DETAILS: [JavaScript Error: "Invalid autocomplete selectedIndex" {file: "resource://gre/actors/AutoCompleteChild.jsm" line: 235}]'[JavaScript Error: "Invalid autocomplete selectedIndex" {file: "resource://gre/actors/AutoCompleteChild.jsm" line: 235}]' when calling method: [nsIAutoCompletePopup::selectedIndex]
1605442329413	geckodriver	INFO	Listening on 127.0.0.1:34469
1605442329419	mozrunner::runner	INFO	Running command: "/usr/bin/firefox" "--marionette" "--log-level=3" "-foreground" "-no-remote" "-profile" "/tmp/rust_mozprofilegIqBBp"
console.warn: SearchSettings: "get: No settings file exists, new profile?" (new Error("", "(unknown module)"))
1605442332020	Marionette	INFO	Listening on port 43271
1605442332055	Marionette	WARN	TLS certificate errors will be ignored for this session
JavaScript error: resource://gre/modules/URIFixup.jsm, line 271: NS_ERROR_FAILURE: Should pass a non-null uri
JavaScript error: resource://gre/actors/AutoCompleteChild.jsm, line 235: Error: Invalid autocomplete selectedIndex
JavaScript error: resource://gre/actors/AutoCompleteChild.jsm, line 235: Error: Invalid autocomplete selectedIndex
JavaScript error: resource://gre/modules/LoginManagerChild.jsm, line 190: NS_ERROR_XPC_JAVASCRIPT_ERROR_WITH_DETAILS: [JavaScript Error: "Invalid autocomplete selectedIndex" {file: "resource://gre/actors/AutoCompleteChild.jsm" line: 235}]'[JavaScript Error: "Invalid autocomplete selectedIndex" {file: "resource://gre/actors/AutoCompleteChild.jsm" line: 235}]' when calling method: [nsIAutoCompletePopup::selectedIndex]
1605442737743	geckodriver	INFO	Listening on 127.0.0.1:51183
1605442737748	mozrunner::runner	INFO	Running command: "/usr/bin/firefox" "--marionette" "--log-level=3" "-foreground" "-no-remote" "-profile" "/tmp/rust_mozprofile1JC3SP"
console.warn: SearchSettings: "get: No settings file exists, new profile?" (new Error("", "(unknown module)"))
1605442740456	Marionette	INFO	Listening on port 33103
1605442740485	Marionette	WARN	TLS certificate errors will be ignored for this session
JavaScript error: resource://gre/modules/URIFixup.jsm, line 271: NS_ERROR_FAILURE: Should pass a non-null uri
JavaScript error: resource://gre/actors/AutoCompleteChild.jsm, line 235: Error: Invalid autocomplete selectedIndex
JavaScript error: resource://gre/actors/AutoCompleteChild.jsm, line 235: Error: Invalid autocomplete selectedIndex
JavaScript error: resource://gre/modules/LoginManagerChild.jsm, line 190: NS_ERROR_XPC_JAVASCRIPT_ERROR_WITH_DETAILS: [JavaScript Error: "Invalid autocomplete selectedIndex" {file: "resource://gre/actors/AutoCompleteChild.jsm" line: 235}]'[JavaScript Error: "Invalid autocomplete selectedIndex" {file: "resource://gre/actors/AutoCompleteChild.jsm" line: 235}]' when calling method: [nsIAutoCompletePopup::selectedIndex]
1605442928897	geckodriver	INFO	Listening on 127.0.0.1:43781
1605442928902	mozrunner::runner	INFO	Running command: "/usr/bin/firefox" "--marionette" "--log-level=3" "-foreground" "-no-remote" "-profile" "/tmp/rust_mozprofile3hKzKn"
console.warn: SearchSettings: "get: No settings file exists, new profile?" (new Error("", "(unknown module)"))
1605442931872	Marionette	INFO	Listening on port 41601
1605442931947	Marionette	WARN	TLS certificate errors will be ignored for this session
JavaScript error: resource://gre/modules/URIFixup.jsm, line 271: NS_ERROR_FAILURE: Should pass a non-null uri
JavaScript error: resource://gre/actors/AutoCompleteChild.jsm, line 235: Error: Invalid autocomplete selectedIndex
JavaScript error: resource://gre/actors/AutoCompleteChild.jsm, line 235: Error: Invalid autocomplete selectedIndex
JavaScript error: resource://gre/modules/LoginManagerChild.jsm, line 190: NS_ERROR_XPC_JAVASCRIPT_ERROR_WITH_DETAILS: [JavaScript Error: "Invalid autocomplete selectedIndex" {file: "resource://gre/actors/AutoCompleteChild.jsm" line: 235}]'[JavaScript Error: "Invalid autocomplete selectedIndex" {file: "resource://gre/actors/AutoCompleteChild.jsm" line: 235}]' when calling method: [nsIAutoCompletePopup::selectedIndex]
1605442974554	geckodriver	INFO	Listening on 127.0.0.1:42093
1605442974559	mozrunner::runner	INFO	Running command: "/usr/bin/firefox" "--marionette" "--log-level=3" "-foreground" "-no-remote" "-profile" "/tmp/rust_mozprofilegM3Wxo"
console.warn: SearchSettings: "get: No settings file exists, new profile?" (new Error("", "(unknown module)"))
1605442977117	Marionette	INFO	Listening on port 45169
1605442977191	Marionette	WARN	TLS certificate errors will be ignored for this session
JavaScript error: resource://gre/actors/AutoCompleteChild.jsm, line 235: Error: Invalid autocomplete selectedIndex
JavaScript error: resource://gre/actors/AutoCompleteChild.jsm, line 235: Error: Invalid autocomplete selectedIndex
JavaScript error: resource://gre/modules/LoginManagerChild.jsm, line 190: NS_ERROR_XPC_JAVASCRIPT_ERROR_WITH_DETAILS: [JavaScript Error: "Invalid autocomplete selectedIndex" {file: "resource://gre/actors/AutoCompleteChild.jsm" line: 235}]'[JavaScript Error: "Invalid autocomplete selectedIndex" {file: "resource://gre/actors/AutoCompleteChild.jsm" line: 235}]' when calling method: [nsIAutoCompletePopup::selectedIndex]
1605443013435	geckodriver	INFO	Listening on 127.0.0.1:60657
1605443013443	mozrunner::runner	INFO	Running command: "/usr/bin/firefox" "--marionette" "--log-level=3" "-foreground" "-no-remote" "-profile" "/tmp/rust_mozprofileeaQsRX"
console.warn: SearchSettings: "get: No settings file exists, new profile?" (new Error("", "(unknown module)"))
1605443016329	Marionette	INFO	Listening on port 41921
1605443016390	Marionette	WARN	TLS certificate errors will be ignored for this session
JavaScript error: resource://gre/modules/URIFixup.jsm, line 271: NS_ERROR_FAILURE: Should pass a non-null uri
JavaScript error: resource://gre/actors/AutoCompleteChild.jsm, line 235: Error: Invalid autocomplete selectedIndex
JavaScript error: resource://gre/actors/AutoCompleteChild.jsm, line 235: Error: Invalid autocomplete selectedIndex
JavaScript error: resource://gre/modules/LoginManagerChild.jsm, line 190: NS_ERROR_XPC_JAVASCRIPT_ERROR_WITH_DETAILS: [JavaScript Error: "Invalid autocomplete selectedIndex" {file: "resource://gre/actors/AutoCompleteChild.jsm" line: 235}]'[JavaScript Error: "Invalid autocomplete selectedIndex" {file: "resource://gre/actors/AutoCompleteChild.jsm" line: 235}]' when calling method: [nsIAutoCompletePopup::selectedIndex]
1605443436858	geckodriver	INFO	Listening on 127.0.0.1:40309
1605443436864	mozrunner::runner	INFO	Running command: "/usr/bin/firefox" "--marionette" "--log-level=3" "-foreground" "-no-remote" "-profile" "/tmp/rust_mozprofileHYiJuP"
console.warn: SearchSettings: "get: No settings file exists, new profile?" (new Error("", "(unknown module)"))
1605443439574	Marionette	INFO	Listening on port 39091
1605443439600	Marionette	WARN	TLS certificate errors will be ignored for this session
JavaScript error: resource://gre/modules/URIFixup.jsm, line 271: NS_ERROR_FAILURE: Should pass a non-null uri
JavaScript error: resource://gre/actors/AutoCompleteChild.jsm, line 235: Error: Invalid autocomplete selectedIndex
JavaScript error: resource://gre/actors/AutoCompleteChild.jsm, line 235: Error: Invalid autocomplete selectedIndex
JavaScript error: resource://gre/modules/LoginManagerChild.jsm, line 190: NS_ERROR_XPC_JAVASCRIPT_ERROR_WITH_DETAILS: [JavaScript Error: "Invalid autocomplete selectedIndex" {file: "resource://gre/actors/AutoCompleteChild.jsm" line: 235}]'[JavaScript Error: "Invalid autocomplete selectedIndex" {file: "resource://gre/actors/AutoCompleteChild.jsm" line: 235}]' when calling method: [nsIAutoCompletePopup::selectedIndex]
1605443542884	geckodriver	INFO	Listening on 127.0.0.1:44077
1605443542899	mozrunner::runner	INFO	Running command: "/usr/bin/firefox" "--marionette" "--log-level=3" "-foreground" "-no-remote" "-profile" "/tmp/rust_mozprofilefOIuht"
console.warn: SearchSettings: "get: No settings file exists, new profile?" (new Error("", "(unknown module)"))
1605443548955	Marionette	INFO	Listening on port 37697
1605443549060	Marionette	WARN	TLS certificate errors will be ignored for this session
JavaScript error: resource://gre/actors/AutoCompleteChild.jsm, line 235: Error: Invalid autocomplete selectedIndex
JavaScript error: resource://gre/actors/AutoCompleteChild.jsm, line 235: Error: Invalid autocomplete selectedIndex
JavaScript error: resource://gre/modules/LoginManagerChild.jsm, line 190: NS_ERROR_XPC_JAVASCRIPT_ERROR_WITH_DETAILS: [JavaScript Error: "Invalid autocomplete selectedIndex" {file: "resource://gre/actors/AutoCompleteChild.jsm" line: 235}]'[JavaScript Error: "Invalid autocomplete selectedIndex" {file: "resource://gre/actors/AutoCompleteChild.jsm" line: 235}]' when calling method: [nsIAutoCompletePopup::selectedIndex]
1605443588835	Marionette	WARN	TimedPromise timed out after 500 ms: stacktrace:
TimedPromise/<@chrome://marionette/content/sync.js:228:19
TimedPromise@chrome://marionette/content/sync.js:213:10
interaction.flushEventLoop@chrome://marionette/content/interaction.js:418:10
webdriverClickElement@chrome://marionette/content/interaction.js:179:31
1605443625416	Marionette	INFO	Stopped listening on port 39091
1605443628556	Marionette	INFO	Stopped listening on port 37697
1605443662285	geckodriver	INFO	Listening on 127.0.0.1:33165
1605443662291	mozrunner::runner	INFO	Running command: "/usr/bin/firefox" "--marionette" "--log-level=3" "-foreground" "-no-remote" "-profile" "/tmp/rust_mozprofilex1tMeg"
console.warn: SearchSettings: "get: No settings file exists, new profile?" (new Error("", "(unknown module)"))
1605443665127	Marionette	INFO	Listening on port 38103
1605443665235	Marionette	WARN	TLS certificate errors will be ignored for this session
JavaScript error: resource://gre/modules/URIFixup.jsm, line 271: NS_ERROR_FAILURE: Should pass a non-null uri
JavaScript error: resource://gre/actors/AutoCompleteChild.jsm, line 235: Error: Invalid autocomplete selectedIndex
JavaScript error: resource://gre/actors/AutoCompleteChild.jsm, line 235: Error: Invalid autocomplete selectedIndex
JavaScript error: resource://gre/modules/LoginManagerChild.jsm, line 190: NS_ERROR_XPC_JAVASCRIPT_ERROR_WITH_DETAILS: [JavaScript Error: "Invalid autocomplete selectedIndex" {file: "resource://gre/actors/AutoCompleteChild.jsm" line: 235}]'[JavaScript Error: "Invalid autocomplete selectedIndex" {file: "resource://gre/actors/AutoCompleteChild.jsm" line: 235}]' when calling method: [nsIAutoCompletePopup::selectedIndex]
1605443889576	geckodriver	INFO	Listening on 127.0.0.1:45541
1605443889583	mozrunner::runner	INFO	Running command: "/usr/bin/firefox" "--marionette" "--log-level=3" "-foreground" "-no-remote" "-profile" "/tmp/rust_mozprofileRoQfkf"
console.warn: SearchSettings: "get: No settings file exists, new profile?" (new Error("", "(unknown module)"))
1605443892320	Marionette	INFO	Listening on port 46301
1605443892432	Marionette	WARN	TLS certificate errors will be ignored for this session
JavaScript error: resource://gre/modules/URIFixup.jsm, line 271: NS_ERROR_FAILURE: Should pass a non-null uri
1605443905924	geckodriver	INFO	Listening on 127.0.0.1:40799
1605443905929	mozrunner::runner	INFO	Running command: "/usr/bin/firefox" "--marionette" "--log-level=3" "-foreground" "-no-remote" "-profile" "/tmp/rust_mozprofilexGDEsa"
console.warn: SearchSettings: "get: No settings file exists, new profile?" (new Error("", "(unknown module)"))
1605443908639	Marionette	INFO	Listening on port 35937
1605443908762	Marionette	WARN	TLS certificate errors will be ignored for this session
JavaScript error: resource://gre/modules/URIFixup.jsm, line 271: NS_ERROR_FAILURE: Should pass a non-null uri
JavaScript error: resource://gre/actors/AutoCompleteChild.jsm, line 235: Error: Invalid autocomplete selectedIndex
JavaScript error: resource://gre/actors/AutoCompleteChild.jsm, line 235: Error: Invalid autocomplete selectedIndex
JavaScript error: resource://gre/modules/LoginManagerChild.jsm, line 190: NS_ERROR_XPC_JAVASCRIPT_ERROR_WITH_DETAILS: [JavaScript Error: "Invalid autocomplete selectedIndex" {file: "resource://gre/actors/AutoCompleteChild.jsm" line: 235}]'[JavaScript Error: "Invalid autocomplete selectedIndex" {file: "resource://gre/actors/AutoCompleteChild.jsm" line: 235}]' when calling method: [nsIAutoCompletePopup::selectedIndex]
1605443990469	geckodriver	INFO	Listening on 127.0.0.1:44745
1605443990474	mozrunner::runner	INFO	Running command: "/usr/bin/firefox" "--marionette" "--log-level=3" "-foreground" "-no-remote" "-profile" "/tmp/rust_mozprofile2g2iJ3"
console.warn: SearchSettings: "get: No settings file exists, new profile?" (new Error("", "(unknown module)"))
1605443993153	Marionette	INFO	Listening on port 34065
1605443993203	Marionette	WARN	TLS certificate errors will be ignored for this session
JavaScript error: resource://gre/modules/URIFixup.jsm, line 271: NS_ERROR_FAILURE: Should pass a non-null uri
JavaScript error: resource://gre/actors/AutoCompleteChild.jsm, line 235: Error: Invalid autocomplete selectedIndex
JavaScript error: resource://gre/actors/AutoCompleteChild.jsm, line 235: Error: Invalid autocomplete selectedIndex
JavaScript error: resource://gre/modules/LoginManagerChild.jsm, line 190: NS_ERROR_XPC_JAVASCRIPT_ERROR_WITH_DETAILS: [JavaScript Error: "Invalid autocomplete selectedIndex" {file: "resource://gre/actors/AutoCompleteChild.jsm" line: 235}]'[JavaScript Error: "Invalid autocomplete selectedIndex" {file: "resource://gre/actors/AutoCompleteChild.jsm" line: 235}]' when calling method: [nsIAutoCompletePopup::selectedIndex]
1605444071824	Marionette	INFO	Stopped listening on port 34065
1605444294917	geckodriver	INFO	Listening on 127.0.0.1:51855
1605444294923	mozrunner::runner	INFO	Running command: "/usr/bin/firefox" "--marionette" "--log-level=3" "-foreground" "-no-remote" "-profile" "/tmp/rust_mozprofileMX7UuA"
console.warn: SearchSettings: "get: No settings file exists, new profile?" (new Error("", "(unknown module)"))
1605444297545	Marionette	INFO	Listening on port 37791
1605444297667	Marionette	WARN	TLS certificate errors will be ignored for this session
JavaScript error: resource://gre/actors/AutoCompleteChild.jsm, line 235: Error: Invalid autocomplete selectedIndex
JavaScript error: resource://gre/actors/AutoCompleteChild.jsm, line 235: Error: Invalid autocomplete selectedIndex
JavaScript error: resource://gre/modules/LoginManagerChild.jsm, line 190: NS_ERROR_XPC_JAVASCRIPT_ERROR_WITH_DETAILS: [JavaScript Error: "Invalid autocomplete selectedIndex" {file: "resource://gre/actors/AutoCompleteChild.jsm" line: 235}]'[JavaScript Error: "Invalid autocomplete selectedIndex" {file: "resource://gre/actors/AutoCompleteChild.jsm" line: 235}]' when calling method: [nsIAutoCompletePopup::selectedIndex]
1605444369480	Marionette	WARN	TimedPromise timed out after 500 ms: stacktrace:
TimedPromise/<@chrome://marionette/content/sync.js:228:19
TimedPromise@chrome://marionette/content/sync.js:213:10
interaction.flushEventLoop@chrome://marionette/content/interaction.js:418:10
webdriverClickElement@chrome://marionette/content/interaction.js:179:31
1605444471697	geckodriver	INFO	Listening on 127.0.0.1:57569
1605444471703	mozrunner::runner	INFO	Running command: "/usr/bin/firefox" "--marionette" "--log-level=3" "-foreground" "-no-remote" "-profile" "/tmp/rust_mozprofileNbXnuI"
console.warn: SearchSettings: "get: No settings file exists, new profile?" (new Error("", "(unknown module)"))
1605444474851	Marionette	INFO	Listening on port 35213
1605444474984	Marionette	WARN	TLS certificate errors will be ignored for this session
JavaScript error: resource://gre/actors/AutoCompleteChild.jsm, line 235: Error: Invalid autocomplete selectedIndex
JavaScript error: resource://gre/actors/AutoCompleteChild.jsm, line 235: Error: Invalid autocomplete selectedIndex
JavaScript error: resource://gre/modules/LoginManagerChild.jsm, line 190: NS_ERROR_XPC_JAVASCRIPT_ERROR_WITH_DETAILS: [JavaScript Error: "Invalid autocomplete selectedIndex" {file: "resource://gre/actors/AutoCompleteChild.jsm" line: 235}]'[JavaScript Error: "Invalid autocomplete selectedIndex" {file: "resource://gre/actors/AutoCompleteChild.jsm" line: 235}]' when calling method: [nsIAutoCompletePopup::selectedIndex]
1605444515221	Marionette	WARN	TimedPromise timed out after 500 ms: stacktrace:
TimedPromise/<@chrome://marionette/content/sync.js:228:19
TimedPromise@chrome://marionette/content/sync.js:213:10
interaction.flushEventLoop@chrome://marionette/content/interaction.js:418:10
webdriverClickElement@chrome://marionette/content/interaction.js:179:31
1605444516956	Marionette	WARN	TimedPromise timed out after 500 ms: stacktrace:
TimedPromise/<@chrome://marionette/content/sync.js:228:19
TimedPromise@chrome://marionette/content/sync.js:213:10
interaction.flushEventLoop@chrome://marionette/content/interaction.js:418:10
webdriverClickElement@chrome://marionette/content/interaction.js:179:31
1605444604156	geckodriver	INFO	Listening on 127.0.0.1:56229
1605444604163	mozrunner::runner	INFO	Running command: "/usr/bin/firefox" "--marionette" "--log-level=3" "-foreground" "-no-remote" "-profile" "/tmp/rust_mozprofilePfKKhW"
console.warn: SearchSettings: "get: No settings file exists, new profile?" (new Error("", "(unknown module)"))
1605444607164	Marionette	INFO	Listening on port 35381
1605444607198	Marionette	WARN	TLS certificate errors will be ignored for this session
JavaScript error: resource://gre/modules/URIFixup.jsm, line 271: NS_ERROR_FAILURE: Should pass a non-null uri
JavaScript error: resource://gre/actors/AutoCompleteChild.jsm, line 235: Error: Invalid autocomplete selectedIndex
JavaScript error: resource://gre/actors/AutoCompleteChild.jsm, line 235: Error: Invalid autocomplete selectedIndex
JavaScript error: resource://gre/modules/LoginManagerChild.jsm, line 190: NS_ERROR_XPC_JAVASCRIPT_ERROR_WITH_DETAILS: [JavaScript Error: "Invalid autocomplete selectedIndex" {file: "resource://gre/actors/AutoCompleteChild.jsm" line: 235}]'[JavaScript Error: "Invalid autocomplete selectedIndex" {file: "resource://gre/actors/AutoCompleteChild.jsm" line: 235}]' when calling method: [nsIAutoCompletePopup::selectedIndex]
1605444732175	geckodriver	INFO	Listening on 127.0.0.1:43987
1605444732180	mozrunner::runner	INFO	Running command: "/usr/bin/firefox" "--marionette" "--log-level=3" "-foreground" "-no-remote" "-profile" "/tmp/rust_mozprofile6W3pvY"
console.warn: SearchSettings: "get: No settings file exists, new profile?" (new Error("", "(unknown module)"))
1605444734971	Marionette	INFO	Listening on port 35987
1605444735017	Marionette	WARN	TLS certificate errors will be ignored for this session
JavaScript error: resource://gre/actors/AutoCompleteChild.jsm, line 235: Error: Invalid autocomplete selectedIndex
JavaScript error: resource://gre/actors/AutoCompleteChild.jsm, line 235: Error: Invalid autocomplete selectedIndex
JavaScript error: resource://gre/modules/LoginManagerChild.jsm, line 190: NS_ERROR_XPC_JAVASCRIPT_ERROR_WITH_DETAILS: [JavaScript Error: "Invalid autocomplete selectedIndex" {file: "resource://gre/actors/AutoCompleteChild.jsm" line: 235}]'[JavaScript Error: "Invalid autocomplete selectedIndex" {file: "resource://gre/actors/AutoCompleteChild.jsm" line: 235}]' when calling method: [nsIAutoCompletePopup::selectedIndex]
1605444767205	Marionette	WARN	TimedPromise timed out after 500 ms: stacktrace:
TimedPromise/<@chrome://marionette/content/sync.js:228:19
TimedPromise@chrome://marionette/content/sync.js:213:10
interaction.flushEventLoop@chrome://marionette/content/interaction.js:418:10
webdriverClickElement@chrome://marionette/content/interaction.js:179:31
1605444768942	Marionette	WARN	TimedPromise timed out after 500 ms: stacktrace:
TimedPromise/<@chrome://marionette/content/sync.js:228:19
TimedPromise@chrome://marionette/content/sync.js:213:10
interaction.flushEventLoop@chrome://marionette/content/interaction.js:418:10
webdriverClickElement@chrome://marionette/content/interaction.js:179:31
1605444769676	Marionette	WARN	TimedPromise timed out after 500 ms: stacktrace:
TimedPromise/<@chrome://marionette/content/sync.js:228:19
TimedPromise@chrome://marionette/content/sync.js:213:10
interaction.flushEventLoop@chrome://marionette/content/interaction.js:418:10
webdriverClickElement@chrome://marionette/content/interaction.js:179:31
1605444840208	geckodriver	INFO	Listening on 127.0.0.1:34543
1605444840214	mozrunner::runner	INFO	Running command: "/usr/bin/firefox" "--marionette" "--log-level=3" "-foreground" "-no-remote" "-profile" "/tmp/rust_mozprofiledh6DgR"
console.warn: SearchSettings: "get: No settings file exists, new profile?" (new Error("", "(unknown module)"))
1605444842992	Marionette	INFO	Listening on port 39041
1605444843054	Marionette	WARN	TLS certificate errors will be ignored for this session
JavaScript error: resource://gre/modules/URIFixup.jsm, line 271: NS_ERROR_FAILURE: Should pass a non-null uri
JavaScript error: resource://gre/actors/AutoCompleteChild.jsm, line 235: Error: Invalid autocomplete selectedIndex
JavaScript error: resource://gre/actors/AutoCompleteChild.jsm, line 235: Error: Invalid autocomplete selectedIndex
JavaScript error: resource://gre/modules/LoginManagerChild.jsm, line 190: NS_ERROR_XPC_JAVASCRIPT_ERROR_WITH_DETAILS: [JavaScript Error: "Invalid autocomplete selectedIndex" {file: "resource://gre/actors/AutoCompleteChild.jsm" line: 235}]'[JavaScript Error: "Invalid autocomplete selectedIndex" {file: "resource://gre/actors/AutoCompleteChild.jsm" line: 235}]' when calling method: [nsIAutoCompletePopup::selectedIndex]
1605444975296	geckodriver	INFO	Listening on 127.0.0.1:41569
1605444975303	mozrunner::runner	INFO	Running command: "/usr/bin/firefox" "--marionette" "--log-level=3" "-foreground" "-no-remote" "-profile" "/tmp/rust_mozprofileGHyMuG"
console.warn: SearchSettings: "get: No settings file exists, new profile?" (new Error("", "(unknown module)"))
1605444977979	Marionette	INFO	Listening on port 38787
1605444978042	Marionette	WARN	TLS certificate errors will be ignored for this session
JavaScript error: resource://gre/modules/URIFixup.jsm, line 271: NS_ERROR_FAILURE: Should pass a non-null uri
JavaScript error: resource://gre/actors/AutoCompleteChild.jsm, line 235: Error: Invalid autocomplete selectedIndex
JavaScript error: resource://gre/actors/AutoCompleteChild.jsm, line 235: Error: Invalid autocomplete selectedIndex
JavaScript error: resource://gre/modules/LoginManagerChild.jsm, line 190: NS_ERROR_XPC_JAVASCRIPT_ERROR_WITH_DETAILS: [JavaScript Error: "Invalid autocomplete selectedIndex" {file: "resource://gre/actors/AutoCompleteChild.jsm" line: 235}]'[JavaScript Error: "Invalid autocomplete selectedIndex" {file: "resource://gre/actors/AutoCompleteChild.jsm" line: 235}]' when calling method: [nsIAutoCompletePopup::selectedIndex]
1605445062886	geckodriver	INFO	Listening on 127.0.0.1:38837
1605445062892	mozrunner::runner	INFO	Running command: "/usr/bin/firefox" "--marionette" "--log-level=3" "-foreground" "-no-remote" "-profile" "/tmp/rust_mozprofilepWvACR"
console.warn: SearchSettings: "get: No settings file exists, new profile?" (new Error("", "(unknown module)"))
1605445065716	Marionette	INFO	Listening on port 45849
1605445065832	Marionette	WARN	TLS certificate errors will be ignored for this session
JavaScript error: resource://gre/modules/URIFixup.jsm, line 271: NS_ERROR_FAILURE: Should pass a non-null uri
JavaScript error: resource://gre/actors/AutoCompleteChild.jsm, line 235: Error: Invalid autocomplete selectedIndex
JavaScript error: resource://gre/actors/AutoCompleteChild.jsm, line 235: Error: Invalid autocomplete selectedIndex
JavaScript error: resource://gre/modules/LoginManagerChild.jsm, line 190: NS_ERROR_XPC_JAVASCRIPT_ERROR_WITH_DETAILS: [JavaScript Error: "Invalid autocomplete selectedIndex" {file: "resource://gre/actors/AutoCompleteChild.jsm" line: 235}]'[JavaScript Error: "Invalid autocomplete selectedIndex" {file: "resource://gre/actors/AutoCompleteChild.jsm" line: 235}]' when calling method: [nsIAutoCompletePopup::selectedIndex]
1605445202241	Marionette	INFO	Stopped listening on port 45849
IPDL protocol error: Handler returned error code!

###!!! [Parent][DispatchAsyncMessage] Error: PLayerTransaction::Msg_ReleaseLayer Processing error: message was deserialized, but the handler returned false (indicating failure)

1605446017410	geckodriver	INFO	Listening on 127.0.0.1:35791
1605446017417	mozrunner::runner	INFO	Running command: "/usr/bin/firefox" "--marionette" "--log-level=3" "-foreground" "-no-remote" "-profile" "/tmp/rust_mozprofileF0ogLa"
console.warn: SearchSettings: "get: No settings file exists, new profile?" (new Error("", "(unknown module)"))
1605446020136	Marionette	INFO	Listening on port 42563
1605446020254	Marionette	WARN	TLS certificate errors will be ignored for this session
1605453087803	geckodriver	INFO	Listening on 127.0.0.1:38945
1605453088815	mozrunner::runner	INFO	Running command: "/usr/bin/firefox" "--marionette" "--log-level=3" "-foreground" "-no-remote" "-profile" "/tmp/rust_mozprofilea6WYh8"
console.warn: SearchSettings: "get: No settings file exists, new profile?" (new Error("", "(unknown module)"))
1605453092063	Marionette	INFO	Listening on port 40631
1605453092160	Marionette	WARN	TLS certificate errors will be ignored for this session
JavaScript error: resource://gre/actors/AutoCompleteChild.jsm, line 235: Error: Invalid autocomplete selectedIndex
JavaScript error: resource://gre/actors/AutoCompleteChild.jsm, line 235: Error: Invalid autocomplete selectedIndex
JavaScript error: resource://gre/modules/LoginManagerChild.jsm, line 190: NS_ERROR_XPC_JAVASCRIPT_ERROR_WITH_DETAILS: [JavaScript Error: "Invalid autocomplete selectedIndex" {file: "resource://gre/actors/AutoCompleteChild.jsm" line: 235}]'[JavaScript Error: "Invalid autocomplete selectedIndex" {file: "resource://gre/actors/AutoCompleteChild.jsm" line: 235}]' when calling method: [nsIAutoCompletePopup::selectedIndex]
1605894870532	geckodriver	INFO	Listening on 127.0.0.1:60637
1605894871530	mozrunner::runner	INFO	Running command: "/usr/bin/firefox" "--marionette" "--log-level=3" "-foreground" "-no-remote" "-profile" "/tmp/rust_mozprofileOdiUCq"
console.warn: SearchSettings: "get: No settings file exists, new profile?" (new Error("", "(unknown module)"))
1605894875173	Marionette	INFO	Listening on port 34971
1605894875261	Marionette	WARN	TLS certificate errors will be ignored for this session
JavaScript error: resource://gre/actors/AutoCompleteChild.jsm, line 235: Error: Invalid autocomplete selectedIndex
JavaScript error: resource://gre/actors/AutoCompleteChild.jsm, line 235: Error: Invalid autocomplete selectedIndex
JavaScript error: resource://gre/modules/LoginManagerChild.jsm, line 190: NS_ERROR_XPC_JAVASCRIPT_ERROR_WITH_DETAILS: [JavaScript Error: "Invalid autocomplete selectedIndex" {file: "resource://gre/actors/AutoCompleteChild.jsm" line: 235}]'[JavaScript Error: "Invalid autocomplete selectedIndex" {file: "resource://gre/actors/AutoCompleteChild.jsm" line: 235}]' when calling method: [nsIAutoCompletePopup::selectedIndex]
1605894955877	Marionette	INFO	Stopped listening on port 34971
1605907017872	geckodriver	INFO	Listening on 127.0.0.1:46963
1605907018864	mozrunner::runner	INFO	Running command: "/usr/bin/firefox" "--marionette" "--log-level=3" "-foreground" "-no-remote" "-profile" "/tmp/rust_mozprofileUWhWNi"
console.warn: SearchSettings: "get: No settings file exists, new profile?" (new Error("", "(unknown module)"))
1605907021440	Marionette	INFO	Listening on port 33109
1605907021501	Marionette	WARN	TLS certificate errors will be ignored for this session
JavaScript error: resource://gre/actors/AutoCompleteChild.jsm, line 235: Error: Invalid autocomplete selectedIndex
JavaScript error: resource://gre/actors/AutoCompleteChild.jsm, line 235: Error: Invalid autocomplete selectedIndex
JavaScript error: resource://gre/modules/LoginManagerChild.jsm, line 190: NS_ERROR_XPC_JAVASCRIPT_ERROR_WITH_DETAILS: [JavaScript Error: "Invalid autocomplete selectedIndex" {file: "resource://gre/actors/AutoCompleteChild.jsm" line: 235}]'[JavaScript Error: "Invalid autocomplete selectedIndex" {file: "resource://gre/actors/AutoCompleteChild.jsm" line: 235}]' when calling method: [nsIAutoCompletePopup::selectedIndex]
Exiting due to channel error.
Exiting due to channel error.
Exiting due to channel error.
Exiting due to channel error.
1607011754306	geckodriver	INFO	Listening on 127.0.0.1:34403
1607011754312	mozrunner::runner	INFO	Running command: "/usr/bin/firefox" "--marionette" "--log-level=3" "-foreground" "-no-remote" "-profile" "/tmp/rust_mozprofile5HtI5w"
console.warn: SearchSettings: "get: No settings file exists, new profile?" (new Error("", "(unknown module)"))
1607011757216	Marionette	INFO	Listening on port 38039
1607011757259	Marionette	WARN	TLS certificate errors will be ignored for this session
JavaScript error: resource://gre/actors/AutoCompleteChild.jsm, line 235: Error: Invalid autocomplete selectedIndex
JavaScript error: resource://gre/actors/AutoCompleteChild.jsm, line 235: Error: Invalid autocomplete selectedIndex
JavaScript error: resource://gre/modules/LoginManagerChild.jsm, line 190: NS_ERROR_XPC_JAVASCRIPT_ERROR_WITH_DETAILS: [JavaScript Error: "Invalid autocomplete selectedIndex" {file: "resource://gre/actors/AutoCompleteChild.jsm" line: 235}]'[JavaScript Error: "Invalid autocomplete selectedIndex" {file: "resource://gre/actors/AutoCompleteChild.jsm" line: 235}]' when calling method: [nsIAutoCompletePopup::selectedIndex]
1607011833239	geckodriver	INFO	Listening on 127.0.0.1:36951
1607011833245	mozrunner::runner	INFO	Running command: "/usr/bin/firefox" "--marionette" "--log-level=3" "-foreground" "-no-remote" "-profile" "/tmp/rust_mozprofileKgmqSV"
console.warn: SearchSettings: "get: No settings file exists, new profile?" (new Error("", "(unknown module)"))
1607011835862	Marionette	INFO	Listening on port 33127
1607011836029	Marionette	WARN	TLS certificate errors will be ignored for this session
JavaScript error: resource://gre/actors/AutoCompleteChild.jsm, line 235: Error: Invalid autocomplete selectedIndex
JavaScript error: resource://gre/actors/AutoCompleteChild.jsm, line 235: Error: Invalid autocomplete selectedIndex
JavaScript error: resource://gre/modules/LoginManagerChild.jsm, line 190: NS_ERROR_XPC_JAVASCRIPT_ERROR_WITH_DETAILS: [JavaScript Error: "Invalid autocomplete selectedIndex" {file: "resource://gre/actors/AutoCompleteChild.jsm" line: 235}]'[JavaScript Error: "Invalid autocomplete selectedIndex" {file: "resource://gre/actors/AutoCompleteChild.jsm" line: 235}]' when calling method: [nsIAutoCompletePopup::selectedIndex]
1607104096659	geckodriver	INFO	Listening on 127.0.0.1:42005
1607104097662	mozrunner::runner	INFO	Running command: "/usr/bin/firefox" "--marionette" "--log-level=3" "-foreground" "-no-remote" "-profile" "/tmp/rust_mozprofilegaERTp"
console.warn: SearchSettings: "get: No settings file exists, new profile?" (new Error("", "(unknown module)"))
1607104101940	Marionette	INFO	Listening on port 39989
1607104102046	Marionette	WARN	TLS certificate errors will be ignored for this session
JavaScript error: resource://gre/actors/AutoCompleteChild.jsm, line 235: Error: Invalid autocomplete selectedIndex
JavaScript error: resource://gre/actors/AutoCompleteChild.jsm, line 235: Error: Invalid autocomplete selectedIndex
JavaScript error: resource://gre/modules/LoginManagerChild.jsm, line 190: NS_ERROR_XPC_JAVASCRIPT_ERROR_WITH_DETAILS: [JavaScript Error: "Invalid autocomplete selectedIndex" {file: "resource://gre/actors/AutoCompleteChild.jsm" line: 235}]'[JavaScript Error: "Invalid autocomplete selectedIndex" {file: "resource://gre/actors/AutoCompleteChild.jsm" line: 235}]' when calling method: [nsIAutoCompletePopup::selectedIndex]
1607104169324	geckodriver	INFO	Listening on 127.0.0.1:42347
1607104169333	mozrunner::runner	INFO	Running command: "/usr/bin/firefox" "--marionette" "--log-level=3" "-foreground" "-no-remote" "-profile" "/tmp/rust_mozprofileizNyiW"

###!!! [Child][RunMessage] Error: Channel closing: too late to send/recv, messages will be lost


###!!! [Child][RunMessage] Error: Channel closing: too late to send/recv, messages will be lost

1607104170839	Marionette	INFO	Stopped listening on port 39989
console.warn: SearchSettings: "get: No settings file exists, new profile?" (new Error("", "(unknown module)"))
1607104173927	Marionette	INFO	Listening on port 42737
1607104174025	Marionette	WARN	TLS certificate errors will be ignored for this session
JavaScript error: resource://gre/actors/AutoCompleteChild.jsm, line 235: Error: Invalid autocomplete selectedIndex
JavaScript error: resource://gre/actors/AutoCompleteChild.jsm, line 235: Error: Invalid autocomplete selectedIndex
JavaScript error: resource://gre/modules/LoginManagerChild.jsm, line 190: NS_ERROR_XPC_JAVASCRIPT_ERROR_WITH_DETAILS: [JavaScript Error: "Invalid autocomplete selectedIndex" {file: "resource://gre/actors/AutoCompleteChild.jsm" line: 235}]'[JavaScript Error: "Invalid autocomplete selectedIndex" {file: "resource://gre/actors/AutoCompleteChild.jsm" line: 235}]' when calling method: [nsIAutoCompletePopup::selectedIndex]
1607104229252	geckodriver	INFO	Listening on 127.0.0.1:54727
1607104229256	mozrunner::runner	INFO	Running command: "/usr/bin/firefox" "--marionette" "--log-level=3" "-foreground" "-no-remote" "-profile" "/tmp/rust_mozprofileAYcVJ1"
console.warn: SearchSettings: "get: No settings file exists, new profile?" (new Error("", "(unknown module)"))
1607104233049	Marionette	INFO	Listening on port 42939
1607104233129	Marionette	WARN	TLS certificate errors will be ignored for this session
JavaScript error: resource://gre/actors/AutoCompleteChild.jsm, line 235: Error: Invalid autocomplete selectedIndex
JavaScript error: resource://gre/actors/AutoCompleteChild.jsm, line 235: Error: Invalid autocomplete selectedIndex
JavaScript error: resource://gre/modules/LoginManagerChild.jsm, line 190: NS_ERROR_XPC_JAVASCRIPT_ERROR_WITH_DETAILS: [JavaScript Error: "Invalid autocomplete selectedIndex" {file: "resource://gre/actors/AutoCompleteChild.jsm" line: 235}]'[JavaScript Error: "Invalid autocomplete selectedIndex" {file: "resource://gre/actors/AutoCompleteChild.jsm" line: 235}]' when calling method: [nsIAutoCompletePopup::selectedIndex]
Exiting due to channel error.
[GFX1-]: Receive IPC close with reason=AbnormalShutdown
Exiting due to channel error.
Exiting due to channel error.
[GFX1-]: Receive IPC close with reason=AbnormalShutdown
Exiting due to channel error.
1607104285361	Marionette	INFO	Stopped listening on port 42737
1607104287321	geckodriver	INFO	Listening on 127.0.0.1:45167
1607104287326	mozrunner::runner	INFO	Running command: "/usr/bin/firefox" "--marionette" "--log-level=3" "-foreground" "-no-remote" "-profile" "/tmp/rust_mozprofileOtJDPE"
console.warn: SearchSettings: "get: No settings file exists, new profile?" (new Error("", "(unknown module)"))
1607104290829	Marionette	INFO	Listening on port 40473
1607104290874	Marionette	WARN	TLS certificate errors will be ignored for this session
JavaScript error: resource://gre/actors/AutoCompleteChild.jsm, line 235: Error: Invalid autocomplete selectedIndex
JavaScript error: resource://gre/actors/AutoCompleteChild.jsm, line 235: Error: Invalid autocomplete selectedIndex
JavaScript error: resource://gre/modules/LoginManagerChild.jsm, line 190: NS_ERROR_XPC_JAVASCRIPT_ERROR_WITH_DETAILS: [JavaScript Error: "Invalid autocomplete selectedIndex" {file: "resource://gre/actors/AutoCompleteChild.jsm" line: 235}]'[JavaScript Error: "Invalid autocomplete selectedIndex" {file: "resource://gre/actors/AutoCompleteChild.jsm" line: 235}]' when calling method: [nsIAutoCompletePopup::selectedIndex]
1607104390501	Marionette	INFO	Stopped listening on port 40473
IPDL protocol error: Handler returned error code!

###!!! [Parent][DispatchAsyncMessage] Error: PLayerTransaction::Msg_ReleaseLayer Processing error: message was deserialized, but the handler returned false (indicating failure)

1607170673660	geckodriver	INFO	Listening on 127.0.0.1:33071
1607170674676	mozrunner::runner	INFO	Running command: "/usr/bin/firefox" "--marionette" "--log-level=3" "-foreground" "-no-remote" "-profile" "/tmp/rust_mozprofileHXnom5"
console.warn: SearchSettings: "get: No settings file exists, new profile?" (new Error("", "(unknown module)"))
1607170677469	Marionette	INFO	Listening on port 36187
1607170677517	Marionette	WARN	TLS certificate errors will be ignored for this session
JavaScript error: resource://gre/actors/AutoCompleteChild.jsm, line 235: Error: Invalid autocomplete selectedIndex
JavaScript error: resource://gre/actors/AutoCompleteChild.jsm, line 235: Error: Invalid autocomplete selectedIndex
JavaScript error: resource://gre/modules/LoginManagerChild.jsm, line 190: NS_ERROR_XPC_JAVASCRIPT_ERROR_WITH_DETAILS: [JavaScript Error: "Invalid autocomplete selectedIndex" {file: "resource://gre/actors/AutoCompleteChild.jsm" line: 235}]'[JavaScript Error: "Invalid autocomplete selectedIndex" {file: "resource://gre/actors/AutoCompleteChild.jsm" line: 235}]' when calling method: [nsIAutoCompletePopup::selectedIndex]
1607171784892	geckodriver	INFO	Listening on 127.0.0.1:60459
1607171784898	mozrunner::runner	INFO	Running command: "/usr/bin/firefox" "--marionette" "--log-level=3" "-foreground" "-no-remote" "-profile" "/tmp/rust_mozprofileSdJrzg"
console.warn: SearchSettings: "get: No settings file exists, new profile?" (new Error("", "(unknown module)"))
1607171787975	Marionette	INFO	Listening on port 41999
1607171788053	Marionette	WARN	TLS certificate errors will be ignored for this session
1607171808272	geckodriver	INFO	Listening on 127.0.0.1:57375
1607171808277	mozrunner::runner	INFO	Running command: "/usr/bin/firefox" "--marionette" "--log-level=3" "-foreground" "-no-remote" "-profile" "/tmp/rust_mozprofileEY8WMG"
console.warn: SearchSettings: "get: No settings file exists, new profile?" (new Error("", "(unknown module)"))
1607171811183	Marionette	INFO	Listening on port 38323
1607171811217	Marionette	WARN	TLS certificate errors will be ignored for this session
JavaScript error: resource://gre/actors/AutoCompleteChild.jsm, line 235: Error: Invalid autocomplete selectedIndex
JavaScript error: resource://gre/actors/AutoCompleteChild.jsm, line 235: Error: Invalid autocomplete selectedIndex
JavaScript error: resource://gre/modules/LoginManagerChild.jsm, line 190: NS_ERROR_XPC_JAVASCRIPT_ERROR_WITH_DETAILS: [JavaScript Error: "Invalid autocomplete selectedIndex" {file: "resource://gre/actors/AutoCompleteChild.jsm" line: 235}]'[JavaScript Error: "Invalid autocomplete selectedIndex" {file: "resource://gre/actors/AutoCompleteChild.jsm" line: 235}]' when calling method: [nsIAutoCompletePopup::selectedIndex]
1607171934194	Marionette	INFO	Stopped listening on port 38323

###!!! [Child][RunMessage] Error: Channel closing: too late to send/recv, messages will be lost


###!!! [Child][RunMessage] Error: Channel closing: too late to send/recv, messages will be lost


###!!! [Child][RunMessage] Error: Channel closing: too late to send/recv, messages will be lost


###!!! [Child][RunMessage] Error: Channel closing: too late to send/recv, messages will be lost

1608374202029	geckodriver	INFO	Listening on 127.0.0.1:38911
1608374203032	mozrunner::runner	INFO	Running command: "/usr/bin/firefox" "--marionette" "--log-level=3" "-foreground" "-no-remote" "-profile" "/tmp/rust_mozprofileTbvk34"
console.warn: SearchSettings: "get: No settings file exists, new profile?" (new Error("", "(unknown module)"))
1608374206163	Marionette	INFO	Listening on port 41099
1608374206321	Marionette	WARN	TLS certificate errors will be ignored for this session
JavaScript error: resource://gre/actors/AutoCompleteChild.jsm, line 125: Error: Invalid autocomplete selectedIndex
JavaScript error: resource://gre/actors/AutoCompleteChild.jsm, line 125: Error: Invalid autocomplete selectedIndex
JavaScript error: resource://gre/modules/LoginManagerChild.jsm, line 190: NS_ERROR_XPC_JAVASCRIPT_ERROR_WITH_DETAILS: [JavaScript Error: "Invalid autocomplete selectedIndex" {file: "resource://gre/actors/AutoCompleteChild.jsm" line: 125}]'[JavaScript Error: "Invalid autocomplete selectedIndex" {file: "resource://gre/actors/AutoCompleteChild.jsm" line: 125}]' when calling method: [nsIAutoCompletePopup::selectedIndex]
